<?xml version="1.0" encoding="UTF-8"?>
<!-- Generated by org.testng.reporters.JUnitXMLReporter -->
<testsuite hostname="LAPTOP-R2V2MCT2" ignored="0" name="Default test" tests="5" failures="0" timestamp="2021-12-18T18:15:59 EST" time="16.341" errors="0">
  <testcase name="getDetalis" time="10.628" classname="WeaterAPI.GetWeatherData"/>
  <testcase name="getResponseCode" time="2.092" classname="WeaterAPI.GetWeatherData"/>
  <testcase name="getBody" time="1.34" classname="WeaterAPI.GetWeatherData"/>
  <testcase name="getContentType" time="0.984" classname="WeaterAPI.GetWeatherData"/>
  <testcase name="getAllHeaders" time="1.192" classname="WeaterAPI.GetWeatherData"/>
</testsuite> <!-- Default test -->
